<?xml version="1.0" encoding="UTF-8"?>
<!-- Generated by org.testng.reporters.JUnitXMLReporter -->
<testsuite ignored="0" hostname="MyLenovo" failures="0" tests="3" name="Account Page Test_chrome" time="37.383" errors="0" timestamp="2025-05-01T06:01:47 IST">
  <testcase classname="com.qa.opencart.tests.AccountPageTest" name="hearderCountTest" time="1.01"/>
  <testcase classname="com.qa.opencart.tests.AccountPageTest" name="pageTitleTest" time="0.137"/>
  <testcase classname="com.qa.opencart.tests.AccountPageTest" name="pageUrlTest" time="0.031"/>
</testsuite> <!-- Account Page Test_chrome -->
