<?xml version="1.0" encoding="UTF-8"?>
<!-- Generated by org.testng.reporters.JUnitXMLReporter -->
<testsuite ignored="0" hostname="MyLenovo" failures="0" tests="3" name="Account Page Test_chrome" time="6.947" errors="0" timestamp="2025-05-25T07:01:39 IST">
  <testcase classname="com.qa.opencart.tests.AccountPageTest" name="hearderCountTest" time="0.362"/>
  <testcase classname="com.qa.opencart.tests.AccountPageTest" name="pageTitleTest" time="0.034"/>
  <testcase classname="com.qa.opencart.tests.AccountPageTest" name="pageUrlTest" time="0.028"/>
</testsuite> <!-- Account Page Test_chrome -->
