<?xml version="1.0" encoding="UTF-8"?>
<!-- Generated by org.testng.reporters.JUnitXMLReporter -->
<testsuite ignored="0" hostname="MyLenovo" failures="0" tests="3" name="Login Page Test_chrome" time="7.146" errors="0" timestamp="2025-05-25T07:01:39 IST">
  <testcase classname="com.qa.opencart.tests.LoginPageTest" name="pageTitleTest" time="0.154"/>
  <testcase classname="com.qa.opencart.tests.LoginPageTest" name="pageUrlTest" time="0.027"/>
  <testcase classname="com.qa.opencart.tests.LoginPageTest" name="loginTest" time="1.144"/>
</testsuite> <!-- Login Page Test_chrome -->
