<?xml version="1.0" encoding="UTF-8"?>
<!-- Generated by org.testng.reporters.JUnitXMLReporter -->
<testsuite ignored="0" hostname="MyLenovo" failures="0" tests="3" name="ProductInfo Page Test_chrome" time="45.575" errors="0" timestamp="2025-05-01T06:01:55 IST">
  <testcase classname="com.qa.opencart.tests.ProductInfoTest" name="getActualProductDetailsTest" time="0.0">
    <skipped/>
  </testcase> <!-- getActualProductDetailsTest -->
  <testcase classname="com.qa.opencart.tests.ProductInfoTest" name="getActualProductDetailsTest" time="0.0">
    <skipped/>
  </testcase> <!-- getActualProductDetailsTest -->
  <testcase classname="com.qa.opencart.tests.ProductInfoTest" name="getActualProductDetailsTest" time="0.0">
    <skipped/>
  </testcase> <!-- getActualProductDetailsTest -->
</testsuite> <!-- ProductInfo Page Test_chrome -->
