<?xml version="1.0" encoding="UTF-8"?>
<!-- Generated by org.testng.reporters.JUnitXMLReporter -->
<testsuite ignored="0" hostname="MyLenovo" failures="0" tests="3" name="Default test" time="6.554" errors="0" timestamp="2025-04-23T17:02:05 IST">
  <testcase classname="com.qa.opencart.tests.ProductInfoTest" name="getActualProductDetailsTest" time="1.728"/>
  <testcase classname="com.qa.opencart.tests.ProductInfoTest" name="getActualProductDetailsTest" time="0.978"/>
  <testcase classname="com.qa.opencart.tests.ProductInfoTest" name="getActualProductDetailsTest" time="0.976"/>
</testsuite> <!-- Default test -->
