<?xml version="1.0" encoding="UTF-8"?>
<!-- Generated by org.testng.reporters.JUnitXMLReporter -->
<testsuite ignored="0" hostname="MyLenovo" failures="0" tests="3" name="Account Page Test_chrome" time="8.525" errors="0" timestamp="2025-04-30T06:35:09 IST">
  <testcase classname="com.qa.opencart.tests.AccountPageTest" name="hearderCountTest" time="0.16"/>
  <testcase classname="com.qa.opencart.tests.AccountPageTest" name="pageTitleTest" time="0.01"/>
  <testcase classname="com.qa.opencart.tests.AccountPageTest" name="pageUrlTest" time="0.01"/>
</testsuite> <!-- Account Page Test_chrome -->
