<?xml version="1.0" encoding="UTF-8"?>
<!-- Generated by org.testng.reporters.JUnitXMLReporter -->
<testsuite ignored="0" hostname="MyLenovo" failures="0" tests="3" name="Login Page Test_chrome" time="7.738" errors="0" timestamp="2025-04-30T06:35:08 IST">
  <testcase classname="com.qa.opencart.tests.LoginPageTest" name="pageTitleTest" time="0.018"/>
  <testcase classname="com.qa.opencart.tests.LoginPageTest" name="pageUrlTest" time="0.034"/>
  <testcase classname="com.qa.opencart.tests.LoginPageTest" name="loginTest" time="1.036"/>
</testsuite> <!-- Login Page Test_chrome -->
