<?xml version="1.0" encoding="UTF-8"?>
<!-- Generated by org.testng.reporters.JUnitXMLReporter -->
<testsuite ignored="0" hostname="MyLenovo" failures="0" tests="3" name="ProductInfo Page Test_chrome" time="10.244" errors="0" timestamp="2025-04-30T06:35:11 IST">
  <testcase classname="com.qa.opencart.tests.ProductInfoTest" name="getActualProductDetailsTest" time="1.644"/>
  <testcase classname="com.qa.opencart.tests.ProductInfoTest" name="getActualProductDetailsTest" time="1.619"/>
  <testcase classname="com.qa.opencart.tests.ProductInfoTest" name="getActualProductDetailsTest" time="1.371"/>
</testsuite> <!-- ProductInfo Page Test_chrome -->
