<?xml version="1.0" encoding="UTF-8"?>
<testsuite xmlns:xsi="http://www.w3.org/2001/XMLSchema-instance" xsi:noNamespaceSchemaLocation="https://maven.apache.org/surefire/maven-surefire-plugin/xsd/surefire-test-report.xsd" name="TestSuite" time="11.01" tests="10" errors="0" skipped="0" failures="1">
  <properties>
[...]
</properties>
  <testcase name="pageTitleTest" classname="com.qa.opencart.tests.LoginPageTest" time="0.021"/>
  <testcase name="pageUrlTest" classname="com.qa.opencart.tests.LoginPageTest" time="0.034"/>
  <testcase name="loginTest" classname="com.qa.opencart.tests.LoginPageTest" time="0.125"/>
  <testcase name="hearderCountTest" classname="com.qa.opencart.tests.AccountPageTest" time="0.131"/>
  <testcase name="pageTitleTest" classname="com.qa.opencart.tests.AccountPageTest" time="0.01"/>
  <testcase name="getActualProductDetailsTest" classname="com.qa.opencart.tests.ProductInfoTest" time="0.005"/>
  <testcase name="getActualProductDetailsTest" classname="com.qa.opencart.tests.ProductInfoTest" time="1.619"/>
  <testcase name="getActualProductDetailsTest" classname="com.qa.opencart.tests.ProductInfoTest" time="1.371"/>
  <testcase name="pageUrlTest" classname="com.qa.opencart.tests.AccountPageTest" time="0.006"/>
  <testcase name="searchTest" classname="com.qa.opencart.tests.SearchTest" time="0.331">
    <failure message="stale element reference: stale element not found&#10;  (Session info: MicrosoftEdge=135.0.3179.98)&#10;For documentation on this error, please visit: https://www.selenium.dev/documentation/webdriver/troubleshooting/errors#stale-element-reference-exception&#10;Build info: version: &apos;4.31.0&apos;, revision: &apos;1ef9f18787*&apos;&#10;System info: os.name: &apos;Windows 11&apos;, os.arch: &apos;amd64&apos;, os.version: &apos;10.0&apos;, java.version: &apos;17.0.12&apos;&#10;Driver info: org.openqa.selenium.edge.EdgeDriver&#10;Command: [dbe10ef019f18801d045c099c732888b, isElementDisplayed {id=f.4915312A447D0B74925EAA49CEE3EEAA.d.22E68E7993FDCC277352CAC7DA1AD073.e.7}]&#10;Capabilities {acceptInsecureCerts: false, browserName: MicrosoftEdge, browserVersion: 135.0.3179.98, fedcm:accounts: true, ms:edgeOptions: {debuggerAddress: localhost:54838}, msedge: {msedgedriverVersion: 135.0.3179.98 (4215a10badb6..., userDataDir: C:\Users\archn\AppData\Loca...}, networkConnectionEnabled: false, pageLoadStrategy: normal, platformName: windows, proxy: Proxy(), se:cdp: ws://localhost:54838/devtoo..., se:cdpVersion: 135.0.3179.98, setWindowRect: true, strictFileInteractability: false, timeouts: {implicit: 0, pageLoad: 300000, script: 30000}, unhandledPromptBehavior: dismiss and notify, webauthn:extension:credBlob: true, webauthn:extension:largeBlob: true, webauthn:extension:minPinLength: true, webauthn:extension:prf: true, webauthn:virtualAuthenticators: true}&#10;Element: [[EdgeDriver: MicrosoftEdge on windows (dbe10ef019f18801d045c099c732888b)] -&gt; css selector: div#search&gt;input]&#10;Session ID: dbe10ef019f18801d045c099c732888b" type="org.openqa.selenium.StaleElementReferenceException">org.openqa.selenium.StaleElementReferenceException: 
stale element reference: stale element not found
  (Session info: MicrosoftEdge=135.0.3179.98)
For documentation on this error, please visit: https://www.selenium.dev/documentation/webdriver/troubleshooting/errors#stale-element-reference-exception
Build info: version: '4.31.0', revision: '1ef9f18787*'
System info: os.name: 'Windows 11', os.arch: 'amd64', os.version: '10.0', java.version: '17.0.12'
Driver info: org.openqa.selenium.edge.EdgeDriver
Command: [dbe10ef019f18801d045c099c732888b, isElementDisplayed {id=f.4915312A447D0B74925EAA49CEE3EEAA.d.22E68E7993FDCC277352CAC7DA1AD073.e.7}]
Capabilities {acceptInsecureCerts: false, browserName: MicrosoftEdge, browserVersion: 135.0.3179.98, fedcm:accounts: true, ms:edgeOptions: {debuggerAddress: localhost:54838}, msedge: {msedgedriverVersion: 135.0.3179.98 (4215a10badb6..., userDataDir: C:\Users\archn\AppData\Loca...}, networkConnectionEnabled: false, pageLoadStrategy: normal, platformName: windows, proxy: Proxy(), se:cdp: ws://localhost:54838/devtoo..., se:cdpVersion: 135.0.3179.98, setWindowRect: true, strictFileInteractability: false, timeouts: {implicit: 0, pageLoad: 300000, script: 30000}, unhandledPromptBehavior: dismiss and notify, webauthn:extension:credBlob: true, webauthn:extension:largeBlob: true, webauthn:extension:minPinLength: true, webauthn:extension:prf: true, webauthn:virtualAuthenticators: true}
Element: [[EdgeDriver: MicrosoftEdge on windows (dbe10ef019f18801d045c099c732888b)] -> css selector: div#search>input]
Session ID: dbe10ef019f18801d045c099c732888b
	at com.qa.opencart.tests.SearchTest.searchTest(SearchTest.java:20)
</failure>
  </testcase>
</testsuite>