<?xml version="1.0" encoding="UTF-8"?>
<testng-results ignored="0" total="10" passed="9" failed="1" skipped="0">
  <reporter-output>
  </reporter-output>
  <suite started-at="2025-04-30T06:35:01 IST" name="Opencart App Test Regression Suite" finished-at="2025-04-30T06:35:11 IST" duration-ms="10246">
    <groups>
    </groups>
    <test started-at="2025-04-30T06:35:01 IST" name="Login Page Test_chrome" finished-at="2025-04-30T06:35:08 IST" duration-ms="7738">
      <class name="com.qa.opencart.tests.LoginPageTest">
        <test-method is-config="true" signature="setUp(java.lang.String)[pri:0, instance:com.qa.opencart.tests.LoginPageTest@5276e6b0]" started-at="2025-04-30T06:35:01 IST" name="setUp" finished-at="2025-04-30T06:35:05 IST" duration-ms="4371" status="PASS">
          <params>
            <param index="0">
              <value>
                <![CDATA[edge]]>
              </value>
            </param>
          </params>
          <reporter-output>
          </reporter-output>
        </test-method> <!-- setUp -->
        <test-method signature="pageTitleTest()[pri:0, instance:com.qa.opencart.tests.LoginPageTest@5276e6b0]" started-at="2025-04-30T06:35:05 IST" name="pageTitleTest" finished-at="2025-04-30T06:35:05 IST" duration-ms="18" status="PASS">
          <reporter-output>
          </reporter-output>
        </test-method> <!-- pageTitleTest -->
        <test-method signature="pageUrlTest()[pri:0, instance:com.qa.opencart.tests.LoginPageTest@5276e6b0]" started-at="2025-04-30T06:35:05 IST" name="pageUrlTest" finished-at="2025-04-30T06:35:05 IST" duration-ms="34" status="PASS">
          <reporter-output>
          </reporter-output>
        </test-method> <!-- pageUrlTest -->
        <test-method signature="loginTest()[pri:32767, instance:com.qa.opencart.tests.LoginPageTest@5276e6b0]" started-at="2025-04-30T06:35:05 IST" name="loginTest" finished-at="2025-04-30T06:35:06 IST" duration-ms="1036" status="PASS">
          <reporter-output>
          </reporter-output>
        </test-method> <!-- loginTest -->
        <test-method is-config="true" signature="tearDown()[pri:0, instance:com.qa.opencart.tests.LoginPageTest@5276e6b0]" started-at="2025-04-30T06:35:06 IST" name="tearDown" finished-at="2025-04-30T06:35:08 IST" duration-ms="2200" status="PASS">
          <reporter-output>
          </reporter-output>
        </test-method> <!-- tearDown -->
      </class> <!-- com.qa.opencart.tests.LoginPageTest -->
    </test> <!-- Login Page Test_chrome -->
    <test started-at="2025-04-30T06:35:01 IST" name="Account Page Test_chrome" finished-at="2025-04-30T06:35:09 IST" duration-ms="8525">
      <class name="com.qa.opencart.tests.AccountPageTest">
        <test-method is-config="true" signature="setUp(java.lang.String)[pri:0, instance:com.qa.opencart.tests.AccountPageTest@5223e5ee]" started-at="2025-04-30T06:35:01 IST" name="setUp" finished-at="2025-04-30T06:35:07 IST" duration-ms="6042" status="PASS">
          <params>
            <param index="0">
              <value>
                <![CDATA[edge]]>
              </value>
            </param>
          </params>
          <reporter-output>
          </reporter-output>
        </test-method> <!-- setUp -->
        <test-method is-config="true" signature="accPageSetup()[pri:0, instance:com.qa.opencart.tests.AccountPageTest@5223e5ee]" started-at="2025-04-30T06:35:07 IST" name="accPageSetup" finished-at="2025-04-30T06:35:08 IST" duration-ms="804" status="PASS">
          <reporter-output>
          </reporter-output>
        </test-method> <!-- accPageSetup -->
        <test-method signature="hearderCountTest()[pri:0, instance:com.qa.opencart.tests.AccountPageTest@5223e5ee]" started-at="2025-04-30T06:35:08 IST" name="hearderCountTest" finished-at="2025-04-30T06:35:08 IST" duration-ms="160" status="PASS">
          <reporter-output>
          </reporter-output>
        </test-method> <!-- hearderCountTest -->
        <test-method signature="pageTitleTest()[pri:0, instance:com.qa.opencart.tests.AccountPageTest@5223e5ee]" started-at="2025-04-30T06:35:08 IST" name="pageTitleTest" finished-at="2025-04-30T06:35:08 IST" duration-ms="10" status="PASS">
          <reporter-output>
          </reporter-output>
        </test-method> <!-- pageTitleTest -->
        <test-method signature="pageUrlTest()[pri:0, instance:com.qa.opencart.tests.AccountPageTest@5223e5ee]" started-at="2025-04-30T06:35:08 IST" name="pageUrlTest" finished-at="2025-04-30T06:35:08 IST" duration-ms="10" status="PASS">
          <reporter-output>
          </reporter-output>
        </test-method> <!-- pageUrlTest -->
        <test-method is-config="true" signature="tearDown()[pri:0, instance:com.qa.opencart.tests.AccountPageTest@5223e5ee]" started-at="2025-04-30T06:35:08 IST" name="tearDown" finished-at="2025-04-30T06:35:09 IST" duration-ms="1464" status="PASS">
          <reporter-output>
          </reporter-output>
        </test-method> <!-- tearDown -->
      </class> <!-- com.qa.opencart.tests.AccountPageTest -->
    </test> <!-- Account Page Test_chrome -->
    <test started-at="2025-04-30T06:35:01 IST" name="Search Page Test_chrome" finished-at="2025-04-30T06:35:10 IST" duration-ms="9470">
      <class name="com.qa.opencart.tests.SearchTest">
        <test-method is-config="true" signature="setUp(java.lang.String)[pri:0, instance:com.qa.opencart.tests.SearchTest@659a969b]" started-at="2025-04-30T06:35:01 IST" name="setUp" finished-at="2025-04-30T06:35:07 IST" duration-ms="6412" status="PASS">
          <params>
            <param index="0">
              <value>
                <![CDATA[edge]]>
              </value>
            </param>
          </params>
          <reporter-output>
          </reporter-output>
        </test-method> <!-- setUp -->
        <test-method is-config="true" signature="accPageSetup()[pri:0, instance:com.qa.opencart.tests.SearchTest@659a969b]" started-at="2025-04-30T06:35:07 IST" name="accPageSetup" finished-at="2025-04-30T06:35:08 IST" duration-ms="462" status="PASS">
          <reporter-output>
          </reporter-output>
        </test-method> <!-- accPageSetup -->
        <test-method signature="searchTest()[pri:0, instance:com.qa.opencart.tests.SearchTest@659a969b]" started-at="2025-04-30T06:35:08 IST" name="searchTest" finished-at="2025-04-30T06:35:08 IST" duration-ms="459" status="FAIL">
          <exception class="org.openqa.selenium.StaleElementReferenceException">
            <message>
              <![CDATA[stale element reference: stale element not found
  (Session info: MicrosoftEdge=135.0.3179.98)
For documentation on this error, please visit: https://www.selenium.dev/documentation/webdriver/troubleshooting/errors#stale-element-reference-exception
Build info: version: '4.31.0', revision: '1ef9f18787*'
System info: os.name: 'Windows 11', os.arch: 'amd64', os.version: '10.0', java.version: '17.0.12'
Driver info: org.openqa.selenium.edge.EdgeDriver
Command: [dbe10ef019f18801d045c099c732888b, isElementDisplayed {id=f.4915312A447D0B74925EAA49CEE3EEAA.d.22E68E7993FDCC277352CAC7DA1AD073.e.7}]
Capabilities {acceptInsecureCerts: false, browserName: MicrosoftEdge, browserVersion: 135.0.3179.98, fedcm:accounts: true, ms:edgeOptions: {debuggerAddress: localhost:54838}, msedge: {msedgedriverVersion: 135.0.3179.98 (4215a10badb6..., userDataDir: C:\Users\archn\AppData\Loca...}, networkConnectionEnabled: false, pageLoadStrategy: normal, platformName: windows, proxy: Proxy(), se:cdp: ws://localhost:54838/devtoo..., se:cdpVersion: 135.0.3179.98, setWindowRect: true, strictFileInteractability: false, timeouts: {implicit: 0, pageLoad: 300000, script: 30000}, unhandledPromptBehavior: dismiss and notify, webauthn:extension:credBlob: true, webauthn:extension:largeBlob: true, webauthn:extension:minPinLength: true, webauthn:extension:prf: true, webauthn:virtualAuthenticators: true}
Element: [[EdgeDriver: MicrosoftEdge on windows (dbe10ef019f18801d045c099c732888b)] -> css selector: div#search>input]
Session ID: dbe10ef019f18801d045c099c732888b]]>
            </message>
            <full-stacktrace>
              <![CDATA[org.openqa.selenium.StaleElementReferenceException: stale element reference: stale element not found
  (Session info: MicrosoftEdge=135.0.3179.98)
For documentation on this error, please visit: https://www.selenium.dev/documentation/webdriver/troubleshooting/errors#stale-element-reference-exception
Build info: version: '4.31.0', revision: '1ef9f18787*'
System info: os.name: 'Windows 11', os.arch: 'amd64', os.version: '10.0', java.version: '17.0.12'
Driver info: org.openqa.selenium.edge.EdgeDriver
Command: [dbe10ef019f18801d045c099c732888b, isElementDisplayed {id=f.4915312A447D0B74925EAA49CEE3EEAA.d.22E68E7993FDCC277352CAC7DA1AD073.e.7}]
Capabilities {acceptInsecureCerts: false, browserName: MicrosoftEdge, browserVersion: 135.0.3179.98, fedcm:accounts: true, ms:edgeOptions: {debuggerAddress: localhost:54838}, msedge: {msedgedriverVersion: 135.0.3179.98 (4215a10badb6..., userDataDir: C:\Users\archn\AppData\Loca...}, networkConnectionEnabled: false, pageLoadStrategy: normal, platformName: windows, proxy: Proxy(), se:cdp: ws://localhost:54838/devtoo..., se:cdpVersion: 135.0.3179.98, setWindowRect: true, strictFileInteractability: false, timeouts: {implicit: 0, pageLoad: 300000, script: 30000}, unhandledPromptBehavior: dismiss and notify, webauthn:extension:credBlob: true, webauthn:extension:largeBlob: true, webauthn:extension:minPinLength: true, webauthn:extension:prf: true, webauthn:virtualAuthenticators: true}
Element: [[EdgeDriver: MicrosoftEdge on windows (dbe10ef019f18801d045c099c732888b)] -> css selector: div#search>input]
Session ID: dbe10ef019f18801d045c099c732888b
at java.base/jdk.internal.reflect.NativeConstructorAccessorImpl.newInstance0(Native Method)
at java.base/jdk.internal.reflect.NativeConstructorAccessorImpl.newInstance(NativeConstructorAccessorImpl.java:77)
at java.base/jdk.internal.reflect.DelegatingConstructorAccessorImpl.newInstance(DelegatingConstructorAccessorImpl.java:45)
at java.base/java.lang.reflect.Constructor.newInstanceWithCaller(Constructor.java:499)
at java.base/java.lang.reflect.Constructor.newInstance(Constructor.java:480)
at org.openqa.selenium.remote.ErrorCodec.decode(ErrorCodec.java:167)
at org.openqa.selenium.remote.codec.w3c.W3CHttpResponseCodec.decode(W3CHttpResponseCodec.java:138)
at org.openqa.selenium.remote.codec.w3c.W3CHttpResponseCodec.decode(W3CHttpResponseCodec.java:50)
at org.openqa.selenium.remote.HttpCommandExecutor.execute(HttpCommandExecutor.java:215)
at org.openqa.selenium.remote.service.DriverCommandExecutor.invokeExecute(DriverCommandExecutor.java:216)
at org.openqa.selenium.remote.service.DriverCommandExecutor.execute(DriverCommandExecutor.java:174)
at org.openqa.selenium.remote.RemoteWebDriver.execute(RemoteWebDriver.java:545)
at org.openqa.selenium.remote.RemoteWebElement.execute(RemoteWebElement.java:223)
at org.openqa.selenium.remote.RemoteWebElement.isDisplayed(RemoteWebElement.java:282)
at org.openqa.selenium.support.ui.ExpectedConditions.elementIfVisible(ExpectedConditions.java:304)
at org.openqa.selenium.support.ui.ExpectedConditions$10.apply(ExpectedConditions.java:290)
at org.openqa.selenium.support.ui.ExpectedConditions$10.apply(ExpectedConditions.java:287)
at org.openqa.selenium.support.ui.FluentWait.until(FluentWait.java:203)
at comp.qa.oopencart.utils.ElementUtil.waitForSendKeys(ElementUtil.java:137)
at com.qa.opencart.pages.AccountPage.doSearch(AccountPage.java:65)
at com.qa.opencart.tests.SearchTest.searchTest(SearchTest.java:20)
at java.base/jdk.internal.reflect.NativeMethodAccessorImpl.invoke0(Native Method)
at java.base/jdk.internal.reflect.NativeMethodAccessorImpl.invoke(NativeMethodAccessorImpl.java:77)
at java.base/jdk.internal.reflect.DelegatingMethodAccessorImpl.invoke(DelegatingMethodAccessorImpl.java:43)
at java.base/java.lang.reflect.Method.invoke(Method.java:568)
at org.testng.internal.invokers.MethodInvocationHelper.invokeMethod(MethodInvocationHelper.java:139)
at org.testng.internal.invokers.TestInvoker.invokeMethod(TestInvoker.java:677)
at org.testng.internal.invokers.TestInvoker.invokeTestMethod(TestInvoker.java:221)
at org.testng.internal.invokers.MethodRunner.runInSequence(MethodRunner.java:50)
at org.testng.internal.invokers.TestInvoker$MethodInvocationAgent.invoke(TestInvoker.java:969)
at org.testng.internal.invokers.TestInvoker.invokeTestMethods(TestInvoker.java:194)
at org.testng.internal.invokers.TestMethodWorker.invokeTestMethods(TestMethodWorker.java:148)
at org.testng.internal.invokers.TestMethodWorker.run(TestMethodWorker.java:128)
at java.base/java.util.ArrayList.forEach(ArrayList.java:1511)
at org.testng.TestRunner.privateRun(TestRunner.java:829)
at org.testng.TestRunner.run(TestRunner.java:602)
at org.testng.SuiteRunner.runTest(SuiteRunner.java:437)
at org.testng.SuiteRunner$SuiteWorker.run(SuiteRunner.java:475)
at org.testng.internal.thread.ThreadUtil.lambda$execute$0(ThreadUtil.java:58)
at java.base/java.util.concurrent.FutureTask.run(FutureTask.java:264)
at java.base/java.util.concurrent.ThreadPoolExecutor.runWorker(ThreadPoolExecutor.java:1136)
at java.base/java.util.concurrent.ThreadPoolExecutor$Worker.run(ThreadPoolExecutor.java:635)
at java.base/java.lang.Thread.run(Thread.java:842)
]]>
            </full-stacktrace>
          </exception> <!-- org.openqa.selenium.StaleElementReferenceException -->
          <reporter-output>
          </reporter-output>
        </test-method> <!-- searchTest -->
        <test-method is-config="true" signature="tearDown()[pri:0, instance:com.qa.opencart.tests.SearchTest@659a969b]" started-at="2025-04-30T06:35:08 IST" name="tearDown" finished-at="2025-04-30T06:35:10 IST" duration-ms="2087" status="PASS">
          <reporter-output>
          </reporter-output>
        </test-method> <!-- tearDown -->
      </class> <!-- com.qa.opencart.tests.SearchTest -->
    </test> <!-- Search Page Test_chrome -->
    <test started-at="2025-04-30T06:35:01 IST" name="ProductInfo Page Test_chrome" finished-at="2025-04-30T06:35:11 IST" duration-ms="10244">
      <class name="com.qa.opencart.tests.ProductInfoTest">
        <test-method is-config="true" signature="setUp(java.lang.String)[pri:0, instance:com.qa.opencart.tests.ProductInfoTest@6a400542]" started-at="2025-04-30T06:35:01 IST" name="setUp" finished-at="2025-04-30T06:35:05 IST" duration-ms="4357" status="PASS">
          <params>
            <param index="0">
              <value>
                <![CDATA[chrome]]>
              </value>
            </param>
          </params>
          <reporter-output>
          </reporter-output>
        </test-method> <!-- setUp -->
        <test-method is-config="true" signature="productInfoSetup()[pri:0, instance:com.qa.opencart.tests.ProductInfoTest@6a400542]" started-at="2025-04-30T06:35:05 IST" name="productInfoSetup" finished-at="2025-04-30T06:35:06 IST" duration-ms="990" status="PASS">
          <reporter-output>
          </reporter-output>
        </test-method> <!-- productInfoSetup -->
        <test-method signature="getActualProductDetailsTest(java.lang.String,java.lang.String,java.lang.String,java.lang.String,java.lang.String,java.lang.String,java.lang.String,java.lang.String)[pri:0, instance:com.qa.opencart.tests.ProductInfoTest@6a400542]" started-at="2025-04-30T06:35:06 IST" name="getActualProductDetailsTest" data-provider="getproductData" finished-at="2025-04-30T06:35:08 IST" duration-ms="1644" status="PASS">
          <params>
            <param index="0">
              <value>
                <![CDATA[macbook]]>
              </value>
            </param>
            <param index="1">
              <value>
                <![CDATA[Macbook Air]]>
              </value>
            </param>
            <param index="2">
              <value>
                <![CDATA[Apple]]>
              </value>
            </param>
            <param index="3">
              <value>
                <![CDATA[Product 17]]>
              </value>
            </param>
            <param index="4">
              <value>
                <![CDATA[700]]>
              </value>
            </param>
            <param index="5">
              <value>
                <![CDATA[Out Of Stock]]>
              </value>
            </param>
            <param index="6">
              <value>
                <![CDATA[$1,202.00]]>
              </value>
            </param>
            <param index="7">
              <value>
                <![CDATA[$1,000.00]]>
              </value>
            </param>
          </params>
          <reporter-output>
          </reporter-output>
        </test-method> <!-- getActualProductDetailsTest -->
        <test-method signature="getActualProductDetailsTest(java.lang.String,java.lang.String,java.lang.String,java.lang.String,java.lang.String,java.lang.String,java.lang.String,java.lang.String)[pri:0, instance:com.qa.opencart.tests.ProductInfoTest@6a400542]" started-at="2025-04-30T06:35:08 IST" name="getActualProductDetailsTest" data-provider="getproductData" finished-at="2025-04-30T06:35:09 IST" duration-ms="1619" status="PASS">
          <params>
            <param index="0">
              <value>
                <![CDATA[iMac]]>
              </value>
            </param>
            <param index="1">
              <value>
                <![CDATA[iMac]]>
              </value>
            </param>
            <param index="2">
              <value>
                <![CDATA[Apple]]>
              </value>
            </param>
            <param index="3">
              <value>
                <![CDATA[Product 14]]>
              </value>
            </param>
            <param index="4">
              <value>
                <![CDATA[ ]]>
              </value>
            </param>
            <param index="5">
              <value>
                <![CDATA[Out Of Stock]]>
              </value>
            </param>
            <param index="6">
              <value>
                <![CDATA[$122.00]]>
              </value>
            </param>
            <param index="7">
              <value>
                <![CDATA[$100.00]]>
              </value>
            </param>
          </params>
          <reporter-output>
          </reporter-output>
        </test-method> <!-- getActualProductDetailsTest -->
        <test-method signature="getActualProductDetailsTest(java.lang.String,java.lang.String,java.lang.String,java.lang.String,java.lang.String,java.lang.String,java.lang.String,java.lang.String)[pri:0, instance:com.qa.opencart.tests.ProductInfoTest@6a400542]" started-at="2025-04-30T06:35:09 IST" name="getActualProductDetailsTest" data-provider="getproductData" finished-at="2025-04-30T06:35:11 IST" duration-ms="1371" status="PASS">
          <params>
            <param index="0">
              <value>
                <![CDATA[samsung]]>
              </value>
            </param>
            <param index="1">
              <value>
                <![CDATA[Samsung SyncMaster 941BW]]>
              </value>
            </param>
            <param index="2">
              <value>
                <![CDATA[ ]]>
              </value>
            </param>
            <param index="3">
              <value>
                <![CDATA[Product 6]]>
              </value>
            </param>
            <param index="4">
              <value>
                <![CDATA[ ]]>
              </value>
            </param>
            <param index="5">
              <value>
                <![CDATA[2-3 Days]]>
              </value>
            </param>
            <param index="6">
              <value>
                <![CDATA[$242.00]]>
              </value>
            </param>
            <param index="7">
              <value>
                <![CDATA[$200.00]]>
              </value>
            </param>
          </params>
          <reporter-output>
          </reporter-output>
        </test-method> <!-- getActualProductDetailsTest -->
        <test-method is-config="true" signature="tearDown()[pri:0, instance:com.qa.opencart.tests.ProductInfoTest@6a400542]" started-at="2025-04-30T06:35:11 IST" name="tearDown" finished-at="2025-04-30T06:35:11 IST" duration-ms="199" status="PASS">
          <reporter-output>
          </reporter-output>
        </test-method> <!-- tearDown -->
      </class> <!-- com.qa.opencart.tests.ProductInfoTest -->
    </test> <!-- ProductInfo Page Test_chrome -->
  </suite> <!-- Opencart App Test Regression Suite -->
</testng-results>
